<?xml version="1.0" encoding="UTF-8"?>
<testsuite name="challengeOne.DesafioDasNotasTest" tests="2" skipped="0" failures="0" errors="0" timestamp="2022-09-30T02:39:22" hostname="MATHIASSAMMER" time="0.021">
  <properties/>
  <testcase name="Quando não há quatro notas, retorna mensagem de erro!()" classname="challengeOne.DesafioDasNotasTest" time="0.019"/>
  <testcase name="Quando há quatro notas, retorna o resultado com sucesso!()" classname="challengeOne.DesafioDasNotasTest" time="0.001"/>
  <system-out><![CDATA[]]></system-out>
  <system-err><![CDATA[]]></system-err>
</testsuite>
